<?xml version="1.0" encoding="UTF-8"?>
<!-- Generated by org.testng.reporters.JUnitReportReporter -->
<testsuite hostname="Admin" failures="0" tests="12" name="sample.ecommerce.HomePageTest" time="205.030" errors="0" timestamp="2024-12-03T13:04:48 IST" skipped="1">
  <testcase classname="sample.ecommerce.HomePageTest" name="create_new_user_and_verify_success_message" time="18.237"/>
  <testcase classname="sample.ecommerce.HomePageTest" name="verify_user_able_to_sign_in_with_valid_credentials" time="10.260"/>
  <testcase classname="sample.ecommerce.HomePageTest" name="verify_shopping_cart_section_is_empty_for_new_user" time="20.657"/>
  <testcase classname="sample.ecommerce.HomePageTest" name="verify_success_message_displays_when_user_retrieve_password_using_forgot_password" time="27.399"/>
  <testcase classname="sample.ecommerce.HomePageTest" name="verify_my_order_section_is_empty_for_new_user" time="22.486"/>
  <testcase classname="sample.ecommerce.HomePageTest" name="verify_my_credit_slip_section_is_empty_for_new_user" time="19.075"/>
  <testcase classname="sample.ecommerce.HomePageTest" name="search_product_and_verify_search_result" time="8.605"/>
  <testcase classname="sample.ecommerce.HomePageTest" name="send_query_to_customer_service_and_verify_success_message" time="29.810"/>
  <testcase classname="sample.ecommerce.HomePageTest" name="verify_success_message_displays_when_user_subscribe_the_newsletter" time="19.968"/>
  <testcase classname="sample.ecommerce.HomePageTest" name="verify_company_address_information_available_on_footer" time="6.918"/>
  <testcase classname="sample.ecommerce.HomePageTest" name="verify_info_message_displays_when_customer_not_having_address" time="21.615"/>
  <testcase classname="sample.ecommerce.HomePageTest" name="verify_error_message_displays_when_user_login_with_invalid_credentials">
    <skipped/>
  </testcase> <!-- verify_error_message_displays_when_user_login_with_invalid_credentials -->
</testsuite> <!-- sample.ecommerce.HomePageTest -->
